C:\USERS\ADMINISTRATOR\DESKTOP\SYSREADERN\SYSREADERN\DEBUG\SYSREADERN.PCH
C:\USERS\ADMINISTRATOR\DESKTOP\SYSREADERN\SYSREADERN\DEBUG\STDAFX.SBR
C:\USERS\ADMINISTRATOR\DESKTOP\SYSREADERN\SYSREADERN\DEBUG\STDAFX.OBJ
C:\USERS\ADMINISTRATOR\DESKTOP\SYSREADERN\SYSREADERN\DEBUG\VC110.PDB
C:\USERS\ADMINISTRATOR\DESKTOP\SYSREADERN\SYSREADERN\DEBUG\DLLMAIN.SBR
C:\USERS\ADMINISTRATOR\DESKTOP\SYSREADERN\SYSREADERN\DEBUG\DLLMAIN.OBJ
C:\USERS\ADMINISTRATOR\DESKTOP\SYSREADERN\SYSREADERN\DEBUG\UTIL.SBR
C:\USERS\ADMINISTRATOR\DESKTOP\SYSREADERN\SYSREADERN\DEBUG\TRI_LOGGER.SBR
C:\USERS\ADMINISTRATOR\DESKTOP\SYSREADERN\SYSREADERN\DEBUG\TRI_LOGGER.OBJ
C:\USERS\ADMINISTRATOR\DESKTOP\SYSREADERN\SYSREADERN\DEBUG\UTIL.OBJ
D:\SYSREADERN\SYSREADERN\DEBUG\SYSREADERN.PCH
D:\SYSREADERN\SYSREADERN\DEBUG\STDAFX.SBR
D:\SYSREADERN\SYSREADERN\DEBUG\STDAFX.OBJ
D:\SYSREADERN\SYSREADERN\DEBUG\VC110.PDB
D:\SYSREADERN\SYSREADERN\DEBUG\DLLMAIN.SBR
D:\SYSREADERN\SYSREADERN\DEBUG\DLLMAIN.OBJ
D:\SYSREADERN\SYSREADERN\DEBUG\UTIL.SBR
D:\SYSREADERN\SYSREADERN\DEBUG\TRI_LOGGER.SBR
D:\SYSREADERN\SYSREADERN\DEBUG\TRI_LOGGER.OBJ
D:\SYSREADERN\SYSREADERN\DEBUG\UTIL.OBJ
D:\SYSREADERN\SYSREADERN\DEBUG\SYSREADERN.SBR
D:\SYSREADERN\SYSREADERN\DEBUG\SYSREADERN.OBJ
D:\sysreadern\sysreadern\Debug\dllmain.obj
D:\sysreadern\sysreadern\Debug\stdafx.obj
D:\sysreadern\sysreadern\Debug\sysreadern.obj
D:\sysreadern\sysreadern\Debug\tri_logger.obj
D:\sysreadern\sysreadern\Debug\util.obj
D:\sysreadern\sysreadern\Debug\cl.command.1.tlog
D:\sysreadern\sysreadern\Debug\CL.read.1.tlog
D:\sysreadern\sysreadern\Debug\CL.write.1.tlog
D:\sysreadern\sysreadern\Debug\link-cvtres.read.1.tlog
D:\sysreadern\sysreadern\Debug\link-cvtres.write.1.tlog
D:\sysreadern\sysreadern\Debug\link-rc.read.1.tlog
D:\sysreadern\sysreadern\Debug\link-rc.write.1.tlog
D:\sysreadern\sysreadern\Debug\link.command.1.tlog
D:\sysreadern\sysreadern\Debug\link.read.1.tlog
D:\sysreadern\sysreadern\Debug\link.write.1.tlog
D:\sysreadern\sysreadern\Debug\sysreadern.dll.embed.manifest
D:\sysreadern\sysreadern\Debug\sysreadern.dll.intermediate.manifest
D:\sysreadern\sysreadern\Debug\sysreadern.dll.embed.manifest.res
D:\sysreadern\sysreadern\Debug\sysreadern.pch
D:\sysreadern\sysreadern\Debug\sysreadern.exp
D:\sysreadern\sysreadern\Debug\vc110.idb
D:\sysreadern\sysreadern\Debug\vc90.idb
D:\sysreadern\sysreadern\Debug\sysreadern.pdb
D:\sysreadern\sysreadern\Debug\vc110.pdb
D:\sysreadern\sysreadern\Debug\vc90.pdb
D:\sysreadern\sysreadern\Debug\sysreadern.bsc
D:\sysreadern\sysreadern\Debug\dllmain.sbr
D:\sysreadern\sysreadern\Debug\stdafx.sbr
D:\sysreadern\sysreadern\Debug\sysreadern.sbr
D:\sysreadern\sysreadern\Debug\tri_logger.sbr
D:\sysreadern\sysreadern\Debug\util.sbr
