Build started 2/11/2021 1:18:55 PM.
     1>Project "D:\D\Projects\ConsoleApplication2\ConsoleApplication2\ConsoleApplication2.vcxproj" on node 2 (Build target(s)).
     1>ClCompile:
         C:\Program Files (x86)\Microsoft Visual Studio 11.0\VC\bin\CL.exe /c /ZI /nologo /W3 /WX- /sdl /Od /Oy- /D WIN32 /D _DEBUG /D _CONSOLE /D _UNICODE /D UNICODE /Gm /EHsc /RTC1 /MDd /GS /fp:precise /Zc:wchar_t /Zc:forScope /Yc"stdafx.h" /Fp"Debug\ConsoleApplication2.pch" /Fo"Debug\\" /Fd"Debug\vc110.pdb" /Gd /TP /analyze- /errorReport:prompt stdafx.cpp
         stdafx.cpp
         C:\Program Files (x86)\Microsoft Visual Studio 11.0\VC\bin\CL.exe /c /ZI /nologo /W3 /WX- /sdl /Od /Oy- /D WIN32 /D _DEBUG /D _CONSOLE /D _UNICODE /D UNICODE /Gm /EHsc /RTC1 /MDd /GS /fp:precise /Zc:wchar_t /Zc:forScope /Yu"stdafx.h" /Fp"Debug\ConsoleApplication2.pch" /Fo"Debug\\" /Fd"Debug\vc110.pdb" /Gd /TP /analyze- /errorReport:prompt ConsoleApplication2.cpp
         ConsoleApplication2.cpp
       Link:
         C:\Program Files (x86)\Microsoft Visual Studio 11.0\VC\bin\link.exe /ERRORREPORT:PROMPT /OUT:"D:\D\Projects\ConsoleApplication2\Debug\ConsoleApplication2.exe" /INCREMENTAL /NOLOGO kernel32.lib user32.lib gdi32.lib winspool.lib comdlg32.lib advapi32.lib shell32.lib ole32.lib oleaut32.lib uuid.lib odbc32.lib odbccp32.lib /MANIFEST /MANIFESTUAC:"level='asInvoker' uiAccess='false'" /manifest:embed /DEBUG /PDB:"D:\D\Projects\ConsoleApplication2\Debug\ConsoleApplication2.pdb" /SUBSYSTEM:CONSOLE /TLBID:1 /DYNAMICBASE /NXCOMPAT /IMPLIB:"D:\D\Projects\ConsoleApplication2\Debug\ConsoleApplication2.lib" /MACHINE:X86 Debug\ConsoleApplication2.obj
         Debug\stdafx.obj
     1>ConsoleApplication2.obj : error LNK2019: unresolved external symbol __imp__bind@12 referenced in function _main
     1>ConsoleApplication2.obj : error LNK2019: unresolved external symbol __imp__htonl@4 referenced in function _main
     1>ConsoleApplication2.obj : error LNK2019: unresolved external symbol __imp__htons@4 referenced in function _main
     1>ConsoleApplication2.obj : error LNK2019: unresolved external symbol __imp__inet_addr@4 referenced in function _main
     1>ConsoleApplication2.obj : error LNK2019: unresolved external symbol __imp__recvfrom@24 referenced in function _main
     1>ConsoleApplication2.obj : error LNK2019: unresolved external symbol __imp__setsockopt@20 referenced in function _main
     1>ConsoleApplication2.obj : error LNK2019: unresolved external symbol __imp__socket@12 referenced in function _main
     1>ConsoleApplication2.obj : error LNK2019: unresolved external symbol __imp__WSAStartup@8 referenced in function _main
     1>ConsoleApplication2.obj : error LNK2019: unresolved external symbol __imp__WSACleanup@0 referenced in function _main
     1>D:\D\Projects\ConsoleApplication2\Debug\ConsoleApplication2.exe : fatal error LNK1120: 9 unresolved externals
     1>Done Building Project "D:\D\Projects\ConsoleApplication2\ConsoleApplication2\ConsoleApplication2.vcxproj" (Build target(s)) -- FAILED.

Build FAILED.

Time Elapsed 00:00:08.63
